2024-04-14T19:57:04.748+07:00  INFO 19120 --- [main] com.example.demo.DemoApplication         : Starting DemoApplication using Java 17.0.10 with PID 19120 (C:\Users\user\Downloads\demo\demo\target\classes started by user in C:\Users\user\Downloads\demo\demo)
2024-04-14T19:57:04.757+07:00  INFO 19120 --- [main] com.example.demo.DemoApplication         : No active profile set, falling back to 1 default profile: "default"
2024-04-14T19:57:05.743+07:00  INFO 19120 --- [main] .s.d.r.c.RepositoryConfigurationDelegate : Bootstrapping Spring Data JPA repositories in DEFAULT mode.
2024-04-14T19:57:05.832+07:00  INFO 19120 --- [main] .s.d.r.c.RepositoryConfigurationDelegate : Finished Spring Data repository scanning in 78 ms. Found 1 JPA repository interface.
2024-04-14T19:57:06.482+07:00  INFO 19120 --- [main] o.s.b.w.embedded.tomcat.TomcatWebServer  : Tomcat initialized with port 8080 (http)
2024-04-14T19:57:06.491+07:00  INFO 19120 --- [main] o.apache.catalina.core.StandardService   : Starting service [Tomcat]
2024-04-14T19:57:06.492+07:00  INFO 19120 --- [main] o.apache.catalina.core.StandardEngine    : Starting Servlet engine: [Apache Tomcat/10.1.19]
2024-04-14T19:57:06.570+07:00  INFO 19120 --- [main] o.a.c.c.C.[Tomcat].[localhost].[/]       : Initializing Spring embedded WebApplicationContext
2024-04-14T19:57:06.570+07:00  INFO 19120 --- [main] w.s.c.ServletWebServerApplicationContext : Root WebApplicationContext: initialization completed in 1734 ms
2024-04-14T19:57:06.770+07:00  INFO 19120 --- [main] o.hibernate.jpa.internal.util.LogHelper  : HHH000204: Processing PersistenceUnitInfo [name: default]
2024-04-14T19:57:06.835+07:00  INFO 19120 --- [main] org.hibernate.Version                    : HHH000412: Hibernate ORM core version 6.4.4.Final
2024-04-14T19:57:06.874+07:00  INFO 19120 --- [main] o.h.c.internal.RegionFactoryInitiator    : HHH000026: Second-level cache disabled
2024-04-14T19:57:07.143+07:00  INFO 19120 --- [main] o.s.o.j.p.SpringPersistenceUnitInfo      : No LoadTimeWeaver setup: ignoring JPA class transformer
2024-04-14T19:57:07.166+07:00  INFO 19120 --- [main] com.zaxxer.hikari.HikariDataSource       : HikariPool-1 - Starting...
2024-04-14T19:57:07.326+07:00  INFO 19120 --- [main] com.zaxxer.hikari.pool.HikariPool        : HikariPool-1 - Added connection com.mysql.cj.jdbc.ConnectionImpl@54a056e4
2024-04-14T19:57:07.327+07:00  INFO 19120 --- [main] com.zaxxer.hikari.HikariDataSource       : HikariPool-1 - Start completed.
2024-04-14T19:57:07.366+07:00  WARN 19120 --- [main] org.hibernate.orm.deprecation            : HHH90000025: MySQL8Dialect does not need to be specified explicitly using 'hibernate.dialect' (remove the property setting and it will be selected by default)
2024-04-14T19:57:07.367+07:00  WARN 19120 --- [main] org.hibernate.orm.deprecation            : HHH90000026: MySQL8Dialect has been deprecated; use org.hibernate.dialect.MySQLDialect instead
2024-04-14T19:57:08.100+07:00  INFO 19120 --- [main] o.h.e.t.j.p.i.JtaPlatformInitiator       : HHH000489: No JTA platform available (set 'hibernate.transaction.jta.platform' to enable JTA platform integration)
2024-04-14T19:57:08.147+07:00  INFO 19120 --- [main] j.LocalContainerEntityManagerFactoryBean : Initialized JPA EntityManagerFactory for persistence unit 'default'
2024-04-14T19:57:08.278+07:00  INFO 19120 --- [main] i.StatisticalLoggingSessionEventListener : Session Metrics {
    0 nanoseconds spent acquiring 0 JDBC connections;
    0 nanoseconds spent releasing 0 JDBC connections;
    0 nanoseconds spent preparing 0 JDBC statements;
    0 nanoseconds spent executing 0 JDBC statements;
    0 nanoseconds spent executing 0 JDBC batches;
    0 nanoseconds spent performing 0 L2C puts;
    0 nanoseconds spent performing 0 L2C hits;
    0 nanoseconds spent performing 0 L2C misses;
    0 nanoseconds spent executing 0 flushes (flushing a total of 0 entities and 0 collections);
    0 nanoseconds spent executing 0 partial-flushes (flushing a total of 0 entities and 0 collections)
}
2024-04-14T19:57:08.279+07:00  INFO 19120 --- [main] i.StatisticalLoggingSessionEventListener : Session Metrics {
    0 nanoseconds spent acquiring 0 JDBC connections;
    0 nanoseconds spent releasing 0 JDBC connections;
    0 nanoseconds spent preparing 0 JDBC statements;
    0 nanoseconds spent executing 0 JDBC statements;
    0 nanoseconds spent executing 0 JDBC batches;
    0 nanoseconds spent performing 0 L2C puts;
    0 nanoseconds spent performing 0 L2C hits;
    0 nanoseconds spent performing 0 L2C misses;
    0 nanoseconds spent executing 0 flushes (flushing a total of 0 entities and 0 collections);
    0 nanoseconds spent executing 0 partial-flushes (flushing a total of 0 entities and 0 collections)
}
2024-04-14T19:57:08.341+07:00  INFO 19120 --- [main] i.StatisticalLoggingSessionEventListener : Session Metrics {
    0 nanoseconds spent acquiring 0 JDBC connections;
    0 nanoseconds spent releasing 0 JDBC connections;
    0 nanoseconds spent preparing 0 JDBC statements;
    0 nanoseconds spent executing 0 JDBC statements;
    0 nanoseconds spent executing 0 JDBC batches;
    0 nanoseconds spent performing 0 L2C puts;
    0 nanoseconds spent performing 0 L2C hits;
    0 nanoseconds spent performing 0 L2C misses;
    0 nanoseconds spent executing 0 flushes (flushing a total of 0 entities and 0 collections);
    0 nanoseconds spent executing 0 partial-flushes (flushing a total of 0 entities and 0 collections)
}
2024-04-14T19:57:08.852+07:00  INFO 19120 --- [main] o.s.b.w.embedded.tomcat.TomcatWebServer  : Tomcat started on port 8080 (http) with context path ''
2024-04-14T19:57:08.865+07:00  INFO 19120 --- [main] com.example.demo.DemoApplication         : Started DemoApplication in 4.754 seconds (process running for 5.236)
2024-04-14T19:57:08.873+07:00  INFO 19120 --- [main] com.example.demo.DemoApplication         : Access URLs:
 ------------------------------------------------
	Localhost: http://localhost:8080 
 	External:  http://192.168.1.11:8080
 ------------------------------------------------
2024-04-14T19:57:10.594+07:00  INFO 19120 --- [http-nio-8080-exec-1] o.a.c.c.C.[Tomcat].[localhost].[/]       : Initializing Spring DispatcherServlet 'dispatcherServlet'
2024-04-14T19:57:10.594+07:00  INFO 19120 --- [http-nio-8080-exec-1] o.s.web.servlet.DispatcherServlet        : Initializing Servlet 'dispatcherServlet'
2024-04-14T19:57:10.595+07:00  INFO 19120 --- [http-nio-8080-exec-1] o.s.web.servlet.DispatcherServlet        : Completed initialization in 1 ms
2024-04-14T19:57:10.632+07:00  INFO 19120 --- [http-nio-8080-exec-1] com.example.demo.TestController          : Info log message
2024-04-14T19:57:10.633+07:00  INFO 19120 --- [http-nio-8080-exec-1] com.example.demo.TestController          : This is the 0 time I say 'Hello World'.
2024-04-14T19:57:10.734+07:00  INFO 19120 --- [http-nio-8080-exec-1] com.example.demo.TestController          : This is the 1 time I say 'Hello World'.
2024-04-14T19:57:10.843+07:00  INFO 19120 --- [http-nio-8080-exec-1] com.example.demo.TestController          : This is the 2 time I say 'Hello World'.
2024-04-14T19:57:10.951+07:00  INFO 19120 --- [http-nio-8080-exec-1] com.example.demo.TestController          : This is the 3 time I say 'Hello World'.
2024-04-14T19:57:11.062+07:00  INFO 19120 --- [http-nio-8080-exec-1] com.example.demo.TestController          : This is the 4 time I say 'Hello World'.
2024-04-14T19:57:11.169+07:00  INFO 19120 --- [http-nio-8080-exec-1] com.example.demo.TestController          : This is the 5 time I say 'Hello World'.
2024-04-14T19:57:11.277+07:00  INFO 19120 --- [http-nio-8080-exec-1] com.example.demo.TestController          : This is the 6 time I say 'Hello World'.
2024-04-14T19:57:11.385+07:00  INFO 19120 --- [http-nio-8080-exec-1] com.example.demo.TestController          : This is the 7 time I say 'Hello World'.
2024-04-14T19:57:11.493+07:00  INFO 19120 --- [http-nio-8080-exec-1] com.example.demo.TestController          : This is the 8 time I say 'Hello World'.
2024-04-14T19:57:11.600+07:00  INFO 19120 --- [http-nio-8080-exec-1] com.example.demo.TestController          : This is the 9 time I say 'Hello World'.
2024-04-14T19:57:11.707+07:00  INFO 19120 --- [http-nio-8080-exec-1] com.example.demo.TestController          : This is the 10 time I say 'Hello World'.
2024-04-14T19:57:11.815+07:00  INFO 19120 --- [http-nio-8080-exec-1] com.example.demo.TestController          : This is the 11 time I say 'Hello World'.
2024-04-14T19:57:11.923+07:00  INFO 19120 --- [http-nio-8080-exec-1] com.example.demo.TestController          : This is the 12 time I say 'Hello World'.
2024-04-14T19:57:12.031+07:00  INFO 19120 --- [http-nio-8080-exec-1] com.example.demo.TestController          : This is the 13 time I say 'Hello World'.
2024-04-14T19:57:12.139+07:00  INFO 19120 --- [http-nio-8080-exec-1] com.example.demo.TestController          : This is the 14 time I say 'Hello World'.
2024-04-14T19:57:12.246+07:00  INFO 19120 --- [http-nio-8080-exec-1] com.example.demo.TestController          : This is the 15 time I say 'Hello World'.
2024-04-14T19:57:12.355+07:00  INFO 19120 --- [http-nio-8080-exec-1] com.example.demo.TestController          : This is the 16 time I say 'Hello World'.
2024-04-14T19:57:12.463+07:00  INFO 19120 --- [http-nio-8080-exec-1] com.example.demo.TestController          : This is the 17 time I say 'Hello World'.
2024-04-14T19:57:12.572+07:00  INFO 19120 --- [http-nio-8080-exec-1] com.example.demo.TestController          : This is the 18 time I say 'Hello World'.
2024-04-14T19:57:12.680+07:00  INFO 19120 --- [http-nio-8080-exec-1] com.example.demo.TestController          : This is the 19 time I say 'Hello World'.
2024-04-14T19:57:12.891+07:00  INFO 19120 --- [http-nio-8080-exec-1] i.StatisticalLoggingSessionEventListener : Session Metrics {
    420000 nanoseconds spent acquiring 1 JDBC connections;
    0 nanoseconds spent releasing 0 JDBC connections;
    4811600 nanoseconds spent preparing 1 JDBC statements;
    3338000 nanoseconds spent executing 1 JDBC statements;
    0 nanoseconds spent executing 0 JDBC batches;
    0 nanoseconds spent performing 0 L2C puts;
    0 nanoseconds spent performing 0 L2C hits;
    0 nanoseconds spent performing 0 L2C misses;
    8263500 nanoseconds spent executing 1 flushes (flushing a total of 1 entities and 0 collections);
    0 nanoseconds spent executing 0 partial-flushes (flushing a total of 0 entities and 0 collections)
}
2024-04-14T19:57:12.893+07:00  INFO 19120 --- [http-nio-8080-exec-1] c.e.d.common.event_tracking.AuditLogger  : 2024-14-04 19:57:12|USER|SUCCESS|call API /index
2024-04-14T19:57:12.901+07:00  INFO 19120 --- [http-nio-8080-exec-1] i.StatisticalLoggingSessionEventListener : Session Metrics {
    15000 nanoseconds spent acquiring 1 JDBC connections;
    0 nanoseconds spent releasing 0 JDBC connections;
    83400 nanoseconds spent preparing 1 JDBC statements;
    490700 nanoseconds spent executing 1 JDBC statements;
    0 nanoseconds spent executing 0 JDBC batches;
    0 nanoseconds spent performing 0 L2C puts;
    0 nanoseconds spent performing 0 L2C hits;
    0 nanoseconds spent performing 0 L2C misses;
    0 nanoseconds spent executing 0 flushes (flushing a total of 0 entities and 0 collections);
    0 nanoseconds spent executing 0 partial-flushes (flushing a total of 0 entities and 0 collections)
}
2024-04-14T19:57:44.619+07:00  INFO 19120 --- [SpringApplicationShutdownHook] j.LocalContainerEntityManagerFactoryBean : Closing JPA EntityManagerFactory for persistence unit 'default'
2024-04-14T19:57:44.620+07:00  INFO 19120 --- [SpringApplicationShutdownHook] com.zaxxer.hikari.HikariDataSource       : HikariPool-1 - Shutdown initiated...
2024-04-14T19:57:44.626+07:00  INFO 19120 --- [SpringApplicationShutdownHook] com.zaxxer.hikari.HikariDataSource       : HikariPool-1 - Shutdown completed.
